Using pre-set license
Built from '2020.3/staging' branch; Version is '2020.3.3f1 (76626098c1c4) revision 7758432'; Using compiler version '192528614'; Build Type 'Release'
OS: 'Windows 10 Pro; OS build 18363.1379; Version 1909; 64bit' Language: 'es' Physical Memory: 8128 MB
BatchMode: 1, IsHumanControllingUs: 0, StartBugReporterOnCrash: 0, Is64bit: 1, IsPro: 0

 COMMAND LINE ARGUMENTS:
C:\Program Files\Unity\Hub\Editor\2020.3.3f1\Editor\Unity.exe
-adb2
-batchMode
-noUpm
-name
AssetImportWorker0
-projectPath
C:/Users/pehue/Desktop/JamLeoMattioli/Jam
-logFile
Logs/AssetImportWorker0.log
-srvPort
60089
Successfully changed project path to: C:/Users/pehue/Desktop/JamLeoMattioli/Jam
C:/Users/pehue/Desktop/JamLeoMattioli/Jam
Using Asset Import Pipeline V2.
Refreshing native plugins compatible for Editor in 32.35 ms, found 0 plugins.
Preloading 0 native plugins for Editor in 0.00 ms.
Initialize engine version: 2020.3.3f1 (76626098c1c4)
[Subsystems] Discovering subsystems at path C:/Program Files/Unity/Hub/Editor/2020.3.3f1/Editor/Data/Resources/UnitySubsystems
[Subsystems] Discovering subsystems at path C:/Users/pehue/Desktop/JamLeoMattioli/Jam/Assets
GfxDevice: creating device client; threaded=0
Direct3D:
    Version:  Direct3D 11.0 [level 11.1]
    Renderer: NVIDIA GeForce GTX 1060 3GB (ID=0x1c02)
    Vendor:   
    VRAM:     2988 MB
    Driver:   27.21.14.6192
Initialize mono
Mono path[0] = 'C:/Program Files/Unity/Hub/Editor/2020.3.3f1/Editor/Data/Managed'
Mono path[1] = 'C:/Program Files/Unity/Hub/Editor/2020.3.3f1/Editor/Data/MonoBleedingEdge/lib/mono/unityjit'
Mono config path = 'C:/Program Files/Unity/Hub/Editor/2020.3.3f1/Editor/Data/MonoBleedingEdge/etc'
Using monoOptions --debugger-agent=transport=dt_socket,embedding=1,server=y,suspend=n,address=127.0.0.1:56160
Begin MonoManager ReloadAssembly
Registering precompiled unity dll's ...
Register platform support module: C:/Program Files/Unity/Hub/Editor/2020.3.3f1/Editor/Data/PlaybackEngines/WindowsStandaloneSupport/UnityEditor.WindowsStandalone.Extensions.dll
Registered in 0.004617 seconds.
Native extension for WindowsStandalone target not found
Refreshing native plugins compatible for Editor in 34.36 ms, found 0 plugins.
Preloading 0 native plugins for Editor in 0.00 ms.
Invoked RoslynAnalysisRunner static constructor.
RoslynAnalysisRunner will not be running.
RoslynAnalysisRunner has terminated.
Mono: successfully reloaded assembly
- Completed reload, in  1.937 seconds
Platform modules already initialized, skipping
Registering precompiled user dll's ...
Registered in 0.001687 seconds.
Begin MonoManager ReloadAssembly
Native extension for WindowsStandalone target not found
Refreshing native plugins compatible for Editor in 0.32 ms, found 0 plugins.
Preloading 0 native plugins for Editor in 0.00 ms.
Invoked RoslynAnalysisRunner static constructor.
RoslynAnalysisRunner will not be running.
RoslynAnalysisRunner has terminated.
Mono: successfully reloaded assembly
- Completed reload, in  1.538 seconds
Platform modules already initialized, skipping
========================================================================
Worker process is ready to serve import requests
Launched and connected shader compiler UnityShaderCompiler.exe after 0.08 seconds
Refreshing native plugins compatible for Editor in 0.28 ms, found 0 plugins.
Preloading 0 native plugins for Editor in 0.00 ms.
Unloading 1115 Unused Serialized files (Serialized files now loaded: 0)
System memory in use before: 57.1 MB.
System memory in use after: 57.2 MB.

Unloading 10 unused Assets to reduce memory usage. Loaded Objects now: 1557.
Total: 2.418400 ms (FindLiveObjects: 0.197400 ms CreateObjectMapping: 0.054000 ms MarkObjects: 2.068800 ms  DeleteObjects: 0.097000 ms)

========================================================================
Received Import Request.
  path: Assets/Scenes/MainScene.unity
  artifactKey: Guid(9fc0d4010bbf28b4594072e72b8655ab) Importer(815301076,1909f56bfc062723c751e8b465ee728b)
Start importing Assets/Scenes/MainScene.unity using Guid(9fc0d4010bbf28b4594072e72b8655ab) Importer(815301076,1909f56bfc062723c751e8b465ee728b)  -> (artifact id: '7c011e79765f647d6ddaa15d1f0dc4cf') in 0.045951 seconds
  Import took 0.049914 seconds .

========================================================================
Received Import Request.
  Time since last request: 1.675265 seconds.
  path: Assets
  artifactKey: Guid(00000000000000001000000000000000) Importer(815301076,1909f56bfc062723c751e8b465ee728b)
Start importing Assets using Guid(00000000000000001000000000000000) Importer(815301076,1909f56bfc062723c751e8b465ee728b)  -> (artifact id: 'b2e0e235c0f4af3754229b664788db90') in 0.005268 seconds
  Import took 0.027439 seconds .

========================================================================
Received Import Request.
  Time since last request: 6.844607 seconds.
  path: Assets/Prefabs
  artifactKey: Guid(22d47d1355b6c444cb4dee409a9fc546) Importer(815301076,1909f56bfc062723c751e8b465ee728b)
Start importing Assets/Prefabs using Guid(22d47d1355b6c444cb4dee409a9fc546) Importer(815301076,1909f56bfc062723c751e8b465ee728b)  -> (artifact id: '4f83c1121e2cf69c35d2f1e4df34b545') in 0.006201 seconds
  Import took 0.009293 seconds .

========================================================================
Received Import Request.
  Time since last request: 8.603091 seconds.
  path: Assets/Models
  artifactKey: Guid(a97d9f16fd60bf1499c866e0525713f1) Importer(815301076,1909f56bfc062723c751e8b465ee728b)
Start importing Assets/Models using Guid(a97d9f16fd60bf1499c866e0525713f1) Importer(815301076,1909f56bfc062723c751e8b465ee728b)  -> (artifact id: '3b839d1eb71854384a6d556299fcff59') in 0.005957 seconds
  Import took 0.023430 seconds .

========================================================================
Received Import Request.
  Time since last request: 7.942139 seconds.
  path: Assets/Sounds
  artifactKey: Guid(cdfdfd13c2942134abb814c28d23ac75) Importer(815301076,1909f56bfc062723c751e8b465ee728b)
Start importing Assets/Sounds using Guid(cdfdfd13c2942134abb814c28d23ac75) Importer(815301076,1909f56bfc062723c751e8b465ee728b)  -> (artifact id: '12f762da5c4190c70d74eef200bf8408') in 0.005917 seconds
  Import took 0.009431 seconds .

========================================================================
Received Import Request.
  Time since last request: 10.779487 seconds.
  path: Assets/Scripts
  artifactKey: Guid(c7d58275ac2a8544f9afce8c58480b2f) Importer(815301076,1909f56bfc062723c751e8b465ee728b)
Start importing Assets/Scripts using Guid(c7d58275ac2a8544f9afce8c58480b2f) Importer(815301076,1909f56bfc062723c751e8b465ee728b)  -> (artifact id: '33078b0c195606b76178596539dfa436') in 0.005235 seconds
  Import took 0.029038 seconds .

========================================================================
Received Import Request.
  Time since last request: 7.732889 seconds.
  path: Assets/Textures
  artifactKey: Guid(eca58d5690ab839428c3cdd10aaded5b) Importer(815301076,1909f56bfc062723c751e8b465ee728b)
Start importing Assets/Textures using Guid(eca58d5690ab839428c3cdd10aaded5b) Importer(815301076,1909f56bfc062723c751e8b465ee728b)  -> (artifact id: 'a6a67acef548a1638f598e47933b457f') in 0.006482 seconds
  Import took 0.009616 seconds .

========================================================================
Received Import Request.
  Time since last request: 4.640910 seconds.
  path: Assets/Materials
  artifactKey: Guid(c8813c1a777ffd8458c225d52ea0f58c) Importer(815301076,1909f56bfc062723c751e8b465ee728b)
Start importing Assets/Materials using Guid(c8813c1a777ffd8458c225d52ea0f58c) Importer(815301076,1909f56bfc062723c751e8b465ee728b)  -> (artifact id: '50140e0dc8507882106864f5c52a5497') in 0.006433 seconds
  Import took 0.009463 seconds .

AssetImportWorkerClient::OnTransportError - code=2 error=End of file
